# JRE version: OpenJDK Runtime Environment (8.0_202-b03) (build 1.8.0_202-release-1483-b03)
# Java VM: OpenJDK 64-Bit Server VM (25.202-b03 mixed mode windows-amd64 compressed oops)
Heap:
 PSYoungGen      total 361984K, used 27552K [0x00000000e0000000, 0x00000000f8b00000, 0x0000000100000000)
  eden space 330752K, 8% used [0x00000000e0000000,0x00000000e1ae80d0,0x00000000f4300000)
  from space 31232K, 0% used [0x00000000f6c80000,0x00000000f6c80000,0x00000000f8b00000)
  to   space 36864K, 0% used [0x00000000f4300000,0x00000000f4300000,0x00000000f6700000)
 ParOldGen       total 230400K, used 55708K [0x00000000a0000000, 0x00000000ae100000, 0x00000000e0000000)
  object space 230400K, 24% used [0x00000000a0000000,0x00000000a3667370,0x00000000ae100000)
 Metaspace       used 90733K, capacity 94209K, committed 94424K, reserved 1134592K
  class space    used 11746K, capacity 12478K, committed 12544K, reserved 1048576K
GC Heap History (10 events):
Event: 70.906 GC heap before
{Heap before GC invocations=15 (full 3):
 PSYoungGen      total 293888K, used 293863K [0x00000000e0000000, 0x00000000f9100000, 0x0000000100000000)
  eden space 267776K, 100% used [0x00000000e0000000,0x00000000f0580000,0x00000000f0580000)
  from space 26112K, 99% used [0x00000000f0580000,0x00000000f1ef9d20,0x00000000f1f00000)
  to   space 37376K, 0% used [0x00000000f6c80000,0x00000000f6c80000,0x00000000f9100000)
 ParOldGen       total 230400K, used 50086K [0x00000000a0000000, 0x00000000ae100000, 0x00000000e0000000)
  object space 230400K, 21% used [0x00000000a0000000,0x00000000a30e9b40,0x00000000ae100000)
 Metaspace       used 83653K, capacity 86938K, committed 87256K, reserved 1124352K
  class space    used 10795K, capacity 11450K, committed 11520K, reserved 1048576K
Event: 70.941 GC heap after
Heap after GC invocations=15 (full 3):
 PSYoungGen      total 361984K, used 21736K [0x00000000e0000000, 0x00000000f8b00000, 0x0000000100000000)
  eden space 330752K, 0% used [0x00000000e0000000,0x00000000e0000000,0x00000000f4300000)
  from space 31232K, 69% used [0x00000000f6c80000,0x00000000f81ba1c0,0x00000000f8b00000)
  to   space 36864K, 0% used [0x00000000f4300000,0x00000000f4300000,0x00000000f6700000)
 ParOldGen       total 230400K, used 60798K [0x00000000a0000000, 0x00000000ae100000, 0x00000000e0000000)
  object space 230400K, 26% used [0x00000000a0000000,0x00000000a3b5f968,0x00000000ae100000)
 Metaspace       used 83653K, capacity 86938K, committed 87256K, reserved 1124352K
  class space    used 10795K, capacity 11450K, committed 11520K, reserved 1048576K
}
Event: 74.128 GC heap before
{Heap before GC invocations=16 (full 3):
 PSYoungGen      total 361984K, used 130606K [0x00000000e0000000, 0x00000000f8b00000, 0x0000000100000000)
  eden space 330752K, 32% used [0x00000000e0000000,0x00000000e6a51978,0x00000000f4300000)
  from space 31232K, 69% used [0x00000000f6c80000,0x00000000f81ba1c0,0x00000000f8b00000)
  to   space 36864K, 0% used [0x00000000f4300000,0x00000000f4300000,0x00000000f6700000)
 ParOldGen       total 230400K, used 60798K [0x00000000a0000000, 0x00000000ae100000, 0x00000000e0000000)
  object space 230400K, 26% used [0x00000000a0000000,0x00000000a3b5f968,0x00000000ae100000)
 Metaspace       used 87829K, capacity 91403K, committed 91608K, reserved 1132544K
  class space    used 11276K, capacity 12032K, committed 12032K, reserved 1048576K
Event: 74.153 GC heap after
Heap after GC invocations=16 (full 3):
 PSYoungGen      total 367616K, used 24887K [0x00000000e0000000, 0x00000000f8b00000, 0x0000000100000000)
  eden space 330752K, 0% used [0x00000000e0000000,0x00000000e0000000,0x00000000f4300000)
  from space 36864K, 67% used [0x00000000f4300000,0x00000000f5b4ddc0,0x00000000f6700000)
  to   space 31232K, 0% used [0x00000000f6c80000,0x00000000f6c80000,0x00000000f8b00000)
 ParOldGen       total 230400K, used 60806K [0x00000000a0000000, 0x00000000ae100000, 0x00000000e0000000)
  object space 230400K, 26% used [0x00000000a0000000,0x00000000a3b61968,0x00000000ae100000)
 Metaspace       used 87829K, capacity 91403K, committed 91608K, reserved 1132544K
  class space    used 11276K, capacity 12032K, committed 12032K, reserved 1048576K
}
Event: 74.153 GC heap before
{Heap before GC invocations=17 (full 4):
 PSYoungGen      total 367616K, used 24887K [0x00000000e0000000, 0x00000000f8b00000, 0x0000000100000000)
  eden space 330752K, 0% used [0x00000000e0000000,0x00000000e0000000,0x00000000f4300000)
  from space 36864K, 67% used [0x00000000f4300000,0x00000000f5b4ddc0,0x00000000f6700000)
  to   space 31232K, 0% used [0x00000000f6c80000,0x00000000f6c80000,0x00000000f8b00000)
 ParOldGen       total 230400K, used 60806K [0x00000000a0000000, 0x00000000ae100000, 0x00000000e0000000)
  object space 230400K, 26% used [0x00000000a0000000,0x00000000a3b61968,0x00000000ae100000)
 Metaspace       used 87829K, capacity 91403K, committed 91608K, reserved 1132544K
  class space    used 11276K, capacity 12032K, committed 12032K, reserved 1048576K
Event: 74.335 GC heap after
Heap after GC invocations=17 (full 4):
 PSYoungGen      total 367616K, used 0K [0x00000000e0000000, 0x00000000f8b00000, 0x0000000100000000)
  eden space 330752K, 0% used [0x00000000e0000000,0x00000000e0000000,0x00000000f4300000)
  from space 36864K, 0% used [0x00000000f4300000,0x00000000f4300000,0x00000000f6700000)
  to   space 31232K, 0% used [0x00000000f6c80000,0x00000000f6c80000,0x00000000f8b00000)
 ParOldGen       total 230400K, used 60681K [0x00000000a0000000, 0x00000000ae100000, 0x00000000e0000000)
  object space 230400K, 26% used [0x00000000a0000000,0x00000000a3b42418,0x00000000ae100000)
 Metaspace       used 87601K, capacity 90797K, committed 91608K, reserved 1132544K
  class space    used 11203K, capacity 11903K, committed 12032K, reserved 1048576K
}
Event: 74.461 GC heap before
{Heap before GC invocations=18 (full 4):
 PSYoungGen      total 367616K, used 17862K [0x00000000e0000000, 0x00000000f8b00000, 0x0000000100000000)
  eden space 330752K, 5% used [0x00000000e0000000,0x00000000e1171b70,0x00000000f4300000)
  from space 36864K, 0% used [0x00000000f4300000,0x00000000f4300000,0x00000000f6700000)
  to   space 31232K, 0% used [0x00000000f6c80000,0x00000000f6c80000,0x00000000f8b00000)
 ParOldGen       total 230400K, used 60681K [0x00000000a0000000, 0x00000000ae100000, 0x00000000e0000000)
  object space 230400K, 26% used [0x00000000a0000000,0x00000000a3b42418,0x00000000ae100000)
 Metaspace       used 88850K, capacity 92219K, committed 92632K, reserved 1136640K
  class space    used 11408K, capacity 12128K, committed 12288K, reserved 1048576K
Event: 74.468 GC heap after
Heap after GC invocations=18 (full 4):
 PSYoungGen      total 361984K, used 2974K [0x00000000e0000000, 0x00000000f8b00000, 0x0000000100000000)
  eden space 330752K, 0% used [0x00000000e0000000,0x00000000e0000000,0x00000000f4300000)
  from space 31232K, 9% used [0x00000000f6c80000,0x00000000f6f67a00,0x00000000f8b00000)
  to   space 36864K, 0% used [0x00000000f4300000,0x00000000f4300000,0x00000000f6700000)
 ParOldGen       total 230400K, used 60681K [0x00000000a0000000, 0x00000000ae100000, 0x00000000e0000000)
  object space 230400K, 26% used [0x00000000a0000000,0x00000000a3b42418,0x00000000ae100000)
 Metaspace       used 88850K, capacity 92219K, committed 92632K, reserved 1136640K
  class space    used 11408K, capacity 12128K, committed 12288K, reserved 1048576K
}
Event: 74.468 GC heap before
{Heap before GC invocations=19 (full 5):
 PSYoungGen      total 361984K, used 2974K [0x00000000e0000000, 0x00000000f8b00000, 0x0000000100000000)
  eden space 330752K, 0% used [0x00000000e0000000,0x00000000e0000000,0x00000000f4300000)
  from space 31232K, 9% used [0x00000000f6c80000,0x00000000f6f67a00,0x00000000f8b00000)
  to   space 36864K, 0% used [0x00000000f4300000,0x00000000f4300000,0x00000000f6700000)
 ParOldGen       total 230400K, used 60681K [0x00000000a0000000, 0x00000000ae100000, 0x00000000e0000000)
  object space 230400K, 26% used [0x00000000a0000000,0x00000000a3b42418,0x00000000ae100000)
 Metaspace       used 88850K, capacity 92219K, committed 92632K, reserved 1136640K
  class space    used 11408K, capacity 12128K, committed 12288K, reserved 1048576K
Event: 74.847 GC heap after
Heap after GC invocations=19 (full 5):
 PSYoungGen      total 361984K, used 0K [0x00000000e0000000, 0x00000000f8b00000, 0x0000000100000000)
  eden space 330752K, 0% used [0x00000000e0000000,0x00000000e0000000,0x00000000f4300000)
  from space 31232K, 0% used [0x00000000f6c80000,0x00000000f6c80000,0x00000000f8b00000)
  to   space 36864K, 0% used [0x00000000f4300000,0x00000000f4300000,0x00000000f6700000)
 ParOldGen       total 230400K, used 55708K [0x00000000a0000000, 0x00000000ae100000, 0x00000000e0000000)
  object space 230400K, 24% used [0x00000000a0000000,0x00000000a3667370,0x00000000ae100000)
 Metaspace       used 88785K, capacity 92019K, committed 92632K, reserved 1134592K
  class space    used 11387K, capacity 12089K, committed 12288K, reserved 1048576K
}

